\BOOKMARK [0][-]{chapter.1}{Overview}{}% 1
\BOOKMARK [1][-]{section.1.1}{Install Ludum game engine}{chapter.1}% 2
\BOOKMARK [2][-]{subsection.1.1.1}{Requirements}{section.1.1}% 3
\BOOKMARK [2][-]{subsection.1.1.2}{Installation}{section.1.1}% 4
\BOOKMARK [0][-]{chapter.2}{Components}{}% 5
\BOOKMARK [1][-]{section.2.1}{Entity}{chapter.2}% 6
\BOOKMARK [1][-]{section.2.2}{Body}{chapter.2}% 7
\BOOKMARK [1][-]{section.2.3}{CollisionDetection}{chapter.2}% 8
\BOOKMARK [1][-]{section.2.4}{Physics}{chapter.2}% 9
\BOOKMARK [1][-]{section.2.5}{AudioManager}{chapter.2}% 10
\BOOKMARK [1][-]{section.2.6}{Sprite}{chapter.2}% 11
\BOOKMARK [1][-]{section.2.7}{ImageRender}{chapter.2}% 12
\BOOKMARK [1][-]{section.2.8}{ResourceManager}{chapter.2}% 13
\BOOKMARK [1][-]{section.2.9}{Background}{chapter.2}% 14
\BOOKMARK [1][-]{section.2.10}{HUD}{chapter.2}% 15
\BOOKMARK [1][-]{section.2.11}{Menu}{chapter.2}% 16
\BOOKMARK [1][-]{section.2.12}{ScoreBoard}{chapter.2}% 17
\BOOKMARK [1][-]{section.2.13}{Logger}{chapter.2}% 18
\BOOKMARK [0][-]{chapter.3}{More Information}{}% 19
\BOOKMARK [1][-]{section.3.1}{Contact}{chapter.3}% 20
